% mean class accuracy (train set)	
 4.3113e+00	
 1.5363e+01	
 2.5868e+01	
 3.7971e+01	
 5.0063e+01	
 6.0820e+01	
 6.9106e+01	
 7.3859e+01	
 7.7581e+01	
 8.0883e+01	
 8.3575e+01	
 8.5668e+01	
 8.7487e+01	
 8.9285e+01	
 9.0925e+01	
 9.1588e+01	
 9.2923e+01	
 9.4111e+01	
 9.4848e+01	
 9.5783e+01	
 9.5973e+01	
 9.6803e+01	
 9.7182e+01	
 9.7466e+01	
 9.7897e+01	
 9.8002e+01	
 9.8275e+01	
 9.8780e+01	
 9.8791e+01	
 9.8980e+01	
 9.9117e+01	
 9.9285e+01	
 9.9306e+01	
 9.9359e+01	
 9.9527e+01	
 9.9664e+01	
 9.9611e+01	
 9.9685e+01	
 9.9706e+01	
 9.9832e+01	
 9.9748e+01	
 9.9790e+01	
 9.9895e+01	
 9.9895e+01	
 9.9905e+01	
 9.9895e+01	
 9.9926e+01	
 9.9968e+01	
 9.9926e+01	
 9.9989e+01	
 9.9916e+01	
 9.9989e+01	
 9.9979e+01	
 1.0000e+02	
 1.0000e+02	
 9.9989e+01	
 1.0000e+02	
 1.0000e+02	
 1.0000e+02	
 9.9979e+01	
 1.0000e+02	
 9.9989e+01	
 9.9989e+01	
 1.0000e+02	
 9.9989e+01	
 9.9989e+01	
 1.0000e+02	
 1.0000e+02	
 1.0000e+02	
 1.0000e+02	
 1.0000e+02	
 1.0000e+02	
 1.0000e+02	
 1.0000e+02	
